<?xml version="1.0" encoding="UTF-8"?>
<testsuite name="com.uai.aquecer.AquecerApplicationTests" tests="1" skipped="0" failures="0" errors="0" timestamp="2025-05-12T14:28:40.050Z" hostname="DESKTOP-1K9T0T8" time="0.702">
  <properties/>
  <testcase name="contextLoads()" classname="com.uai.aquecer.AquecerApplicationTests" time="0.702"/>
  <system-out><![CDATA[Standard Commons Logging discovery in action with spring-jcl: please remove commons-logging.jar from classpath in order to avoid potential conflicts
11:28:37.131 [Test worker] INFO org.springframework.test.context.support.AnnotationConfigContextLoaderUtils -- Could not detect default configuration classes for test class [com.uai.aquecer.AquecerApplicationTests]: AquecerApplicationTests does not declare any static, non-private, non-final, nested classes annotated with @Configuration.
11:28:37.430 [Test worker] INFO org.springframework.boot.test.context.SpringBootTestContextBootstrapper -- Found @SpringBootConfiguration com.uai.aquecer.AquecerApplication for test class com.uai.aquecer.AquecerApplicationTests

  .   ____          _            __ _ _
 /\\ / ___'_ __ _ _(_)_ __  __ _ \ \ \ \
( ( )\___ | '_ | '_| | '_ \/ _` | \ \ \ \
 \\/  ___)| |_)| | | | | || (_| |  ) ) ) )
  '  |____| .__|_| |_|_| |_\__, | / / / /
 =========|_|==============|___/=/_/_/_/

 :: Spring Boot ::                (v3.4.5)

2025-05-12T11:28:38.039-03:00  INFO 14636 --- [aquecer] [    Test worker] c.uai.aquecer.AquecerApplicationTests    : Starting AquecerApplicationTests using Java 21.0.5 with PID 14636 (started by Bruno in E:\projetos\aquecer)
2025-05-12T11:28:38.042-03:00  INFO 14636 --- [aquecer] [    Test worker] c.uai.aquecer.AquecerApplicationTests    : No active profile set, falling back to 1 default profile: "default"
2025-05-12T11:28:39.409-03:00  WARN 14636 --- [aquecer] [    Test worker] .s.s.UserDetailsServiceAutoConfiguration : 

Using generated security password: 93e93d6b-d099-4eff-900a-64fc2f979755

This generated password is for development use only. Your security configuration must be updated before running your application in production.

2025-05-12T11:28:39.458-03:00  INFO 14636 --- [aquecer] [    Test worker] r$InitializeUserDetailsManagerConfigurer : Global AuthenticationManager configured with UserDetailsService bean with name inMemoryUserDetailsManager
2025-05-12T11:28:40.034-03:00  INFO 14636 --- [aquecer] [    Test worker] c.uai.aquecer.AquecerApplicationTests    : Started AquecerApplicationTests in 2.31 seconds (process running for 4.136)
]]></system-out>
  <system-err><![CDATA[Mockito is currently self-attaching to enable the inline-mock-maker. This will no longer work in future releases of the JDK. Please add Mockito as an agent to your build what is described in Mockito's documentation: https://javadoc.io/doc/org.mockito/mockito-core/latest/org/mockito/Mockito.html#0.3
WARNING: A Java agent has been loaded dynamically (C:\Users\Bruno\.gradle\caches\modules-2\files-2.1\net.bytebuddy\byte-buddy-agent\1.15.11\a38b16385e867f59a641330f0362ebe742788ed8\byte-buddy-agent-1.15.11.jar)
WARNING: If a serviceability tool is in use, please run with -XX:+EnableDynamicAgentLoading to hide this warning
WARNING: If a serviceability tool is not in use, please run with -Djdk.instrument.traceUsage for more information
WARNING: Dynamic loading of agents will be disallowed by default in a future release
]]></system-err>
</testsuite>
